\BOOKMARK [0][-]{chapter.1}{\376\377\000C\000l\000a\000s\000s\000\040\000I\000n\000d\000e\000x}{}% 1
\BOOKMARK [1][-]{section.1.1}{\376\377\000C\000l\000a\000s\000s\000\040\000L\000i\000s\000t}{chapter.1}% 2
\BOOKMARK [0][-]{chapter.2}{\376\377\000F\000i\000l\000e\000\040\000I\000n\000d\000e\000x}{}% 3
\BOOKMARK [1][-]{section.2.1}{\376\377\000F\000i\000l\000e\000\040\000L\000i\000s\000t}{chapter.2}% 4
\BOOKMARK [0][-]{chapter.3}{\376\377\000C\000l\000a\000s\000s\000\040\000D\000o\000c\000u\000m\000e\000n\000t\000a\000t\000i\000o\000n}{}% 5
\BOOKMARK [1][-]{section.3.1}{\376\377\000C\000o\000m\000p\000l\000e\000x\000\040\000C\000l\000a\000s\000s\000\040\000R\000e\000f\000e\000r\000e\000n\000c\000e}{chapter.3}% 6
\BOOKMARK [2][-]{subsection.3.1.1}{\376\377\000D\000e\000t\000a\000i\000l\000e\000d\000\040\000D\000e\000s\000c\000r\000i\000p\000t\000i\000o\000n}{section.3.1}% 7
\BOOKMARK [2][-]{subsection.3.1.2}{\376\377\000C\000o\000n\000s\000t\000r\000u\000c\000t\000o\000r\000\040\000\046\000\040\000D\000e\000s\000t\000r\000u\000c\000t\000o\000r\000\040\000D\000o\000c\000u\000m\000e\000n\000t\000a\000t\000i\000o\000n}{section.3.1}% 8
\BOOKMARK [3][-]{subsubsection.3.1.2.1}{\376\377\000C\000o\000m\000p\000l\000e\000x}{subsection.3.1.2}% 9
\BOOKMARK [3][-]{subsubsection.3.1.2.2}{\376\377\000C\000o\000m\000p\000l\000e\000x}{subsection.3.1.2}% 10
\BOOKMARK [3][-]{subsubsection.3.1.2.3}{\376\377\000C\000o\000m\000p\000l\000e\000x}{subsection.3.1.2}% 11
\BOOKMARK [2][-]{subsection.3.1.3}{\376\377\000M\000e\000m\000b\000e\000r\000\040\000F\000u\000n\000c\000t\000i\000o\000n\000\040\000D\000o\000c\000u\000m\000e\000n\000t\000a\000t\000i\000o\000n}{section.3.1}% 12
\BOOKMARK [3][-]{subsubsection.3.1.3.1}{\376\377\000a\000b\000s}{subsection.3.1.3}% 13
\BOOKMARK [3][-]{subsubsection.3.1.3.2}{\376\377\000a\000r\000g}{subsection.3.1.3}% 14
\BOOKMARK [3][-]{subsubsection.3.1.3.3}{\376\377\000c\000o\000n\000j}{subsection.3.1.3}% 15
\BOOKMARK [3][-]{subsubsection.3.1.3.4}{\376\377\000i\000m\000a\000g}{subsection.3.1.3}% 16
\BOOKMARK [3][-]{subsubsection.3.1.3.5}{\376\377\000n\000o\000r\000m}{subsection.3.1.3}% 17
\BOOKMARK [3][-]{subsubsection.3.1.3.6}{\376\377\000o\000p\000e\000r\000a\000t\000o\000r\000=}{subsection.3.1.3}% 18
\BOOKMARK [3][-]{subsubsection.3.1.3.7}{\376\377\000o\000p\000e\000r\000a\000t\000o\000r\000+\000=}{subsection.3.1.3}% 19
\BOOKMARK [3][-]{subsubsection.3.1.3.8}{\376\377\000o\000p\000e\000r\000a\000t\000o\000r\000-\000=}{subsection.3.1.3}% 20
\BOOKMARK [3][-]{subsubsection.3.1.3.9}{\376\377\000o\000p\000e\000r\000a\000t\000o\000r\000/\000=}{subsection.3.1.3}% 21
\BOOKMARK [3][-]{subsubsection.3.1.3.10}{\376\377\000o\000p\000e\000r\000a\000t\000o\000r\000/\000=}{subsection.3.1.3}% 22
\BOOKMARK [3][-]{subsubsection.3.1.3.11}{\376\377\000o\000p\000e\000r\000a\000t\000o\000r\000=}{subsection.3.1.3}% 23
\BOOKMARK [3][-]{subsubsection.3.1.3.12}{\376\377\000o\000p\000e\000r\000a\000t\000o\000r\000=}{subsection.3.1.3}% 24
\BOOKMARK [3][-]{subsubsection.3.1.3.13}{\376\377\000p\000r\000i\000n\000t}{subsection.3.1.3}% 25
\BOOKMARK [3][-]{subsubsection.3.1.3.14}{\376\377\000r\000e\000a\000l}{subsection.3.1.3}% 26
\BOOKMARK [2][-]{subsection.3.1.4}{\376\377\000F\000r\000i\000e\000n\000d\000s\000\040\000A\000n\000d\000\040\000R\000e\000l\000a\000t\000e\000d\000\040\000F\000u\000n\000c\000t\000i\000o\000n\000\040\000D\000o\000c\000u\000m\000e\000n\000t\000a\000t\000i\000o\000n}{section.3.1}% 27
\BOOKMARK [3][-]{subsubsection.3.1.4.1}{\376\377\000a\000b\000s}{subsection.3.1.4}% 28
\BOOKMARK [3][-]{subsubsection.3.1.4.2}{\376\377\000a\000r\000g}{subsection.3.1.4}% 29
\BOOKMARK [3][-]{subsubsection.3.1.4.3}{\376\377\000c\000o\000n\000j}{subsection.3.1.4}% 30
\BOOKMARK [3][-]{subsubsection.3.1.4.4}{\376\377\000c\000o\000s}{subsection.3.1.4}% 31
\BOOKMARK [3][-]{subsubsection.3.1.4.5}{\376\377\000c\000o\000s\000h}{subsection.3.1.4}% 32
\BOOKMARK [3][-]{subsubsection.3.1.4.6}{\376\377\000e\000x\000p}{subsection.3.1.4}% 33
\BOOKMARK [3][-]{subsubsection.3.1.4.7}{\376\377\000i\000m\000a\000g}{subsection.3.1.4}% 34
\BOOKMARK [3][-]{subsubsection.3.1.4.8}{\376\377\000l\000o\000g}{subsection.3.1.4}% 35
\BOOKMARK [3][-]{subsubsection.3.1.4.9}{\376\377\000n\000o\000r\000m}{subsection.3.1.4}% 36
\BOOKMARK [3][-]{subsubsection.3.1.4.10}{\376\377\000o\000p\000e\000r\000a\000t\000o\000r\000!\000=}{subsection.3.1.4}% 37
\BOOKMARK [3][-]{subsubsection.3.1.4.11}{\376\377\000o\000p\000e\000r\000a\000t\000o\000r\000"\000"\000"\000"\000\137\000i}{subsection.3.1.4}% 38
\BOOKMARK [3][-]{subsubsection.3.1.4.12}{\376\377\000o\000p\000e\000r\000a\000t\000o\000r\000"\000"\000"\000"\000\137\000i}{subsection.3.1.4}% 39
\BOOKMARK [3][-]{subsubsection.3.1.4.13}{\376\377\000o\000p\000e\000r\000a\000t\000o\000r}{subsection.3.1.4}% 40
\BOOKMARK [3][-]{subsubsection.3.1.4.14}{\376\377\000o\000p\000e\000r\000a\000t\000o\000r\000+}{subsection.3.1.4}% 41
\BOOKMARK [3][-]{subsubsection.3.1.4.15}{\376\377\000o\000p\000e\000r\000a\000t\000o\000r\000-}{subsection.3.1.4}% 42
\BOOKMARK [3][-]{subsubsection.3.1.4.16}{\376\377\000o\000p\000e\000r\000a\000t\000o\000r\000-}{subsection.3.1.4}% 43
\BOOKMARK [3][-]{subsubsection.3.1.4.17}{\376\377\000o\000p\000e\000r\000a\000t\000o\000r\000/}{subsection.3.1.4}% 44
\BOOKMARK [3][-]{subsubsection.3.1.4.18}{\376\377\000o\000p\000e\000r\000a\000t\000o\000r\000/}{subsection.3.1.4}% 45
\BOOKMARK [3][-]{subsubsection.3.1.4.19}{\376\377\000o\000p\000e\000r\000a\000t\000o\000r\000<\000<}{subsection.3.1.4}% 46
\BOOKMARK [3][-]{subsubsection.3.1.4.20}{\376\377\000o\000p\000e\000r\000a\000t\000o\000r\000=\000=}{subsection.3.1.4}% 47
\BOOKMARK [3][-]{subsubsection.3.1.4.21}{\376\377\000o\000p\000e\000r\000a\000t\000o\000r\000>\000>}{subsection.3.1.4}% 48
\BOOKMARK [3][-]{subsubsection.3.1.4.22}{\376\377\000p\000o\000l\000a\000r}{subsection.3.1.4}% 49
\BOOKMARK [3][-]{subsubsection.3.1.4.23}{\376\377\000p\000o\000w}{subsection.3.1.4}% 50
\BOOKMARK [3][-]{subsubsection.3.1.4.24}{\376\377\000p\000o\000w}{subsection.3.1.4}% 51
\BOOKMARK [3][-]{subsubsection.3.1.4.25}{\376\377\000p\000o\000w}{subsection.3.1.4}% 52
\BOOKMARK [3][-]{subsubsection.3.1.4.26}{\376\377\000r\000e\000a\000l}{subsection.3.1.4}% 53
\BOOKMARK [3][-]{subsubsection.3.1.4.27}{\376\377\000r\000o\000o\000t}{subsection.3.1.4}% 54
\BOOKMARK [3][-]{subsubsection.3.1.4.28}{\376\377\000s\000i\000n}{subsection.3.1.4}% 55
\BOOKMARK [3][-]{subsubsection.3.1.4.29}{\376\377\000s\000i\000n\000h}{subsection.3.1.4}% 56
\BOOKMARK [3][-]{subsubsection.3.1.4.30}{\376\377\000s\000q\000r\000t}{subsection.3.1.4}% 57
\BOOKMARK [2][-]{subsection.3.1.5}{\376\377\000M\000e\000m\000b\000e\000r\000\040\000D\000a\000t\000a\000\040\000D\000o\000c\000u\000m\000e\000n\000t\000a\000t\000i\000o\000n}{section.3.1}% 58
\BOOKMARK [3][-]{subsubsection.3.1.5.1}{\376\377\000i}{subsection.3.1.5}% 59
\BOOKMARK [3][-]{subsubsection.3.1.5.2}{\376\377\000r}{subsection.3.1.5}% 60
\BOOKMARK [1][-]{section.3.2}{\376\377\000T\000e\000s\000t\000C\000o\000m\000p\000l\000e\000x\000\040\000C\000l\000a\000s\000s\000\040\000R\000e\000f\000e\000r\000e\000n\000c\000e}{chapter.3}% 61
\BOOKMARK [2][-]{subsection.3.2.1}{\376\377\000D\000e\000t\000a\000i\000l\000e\000d\000\040\000D\000e\000s\000c\000r\000i\000p\000t\000i\000o\000n}{section.3.2}% 62
\BOOKMARK [2][-]{subsection.3.2.2}{\376\377\000M\000e\000m\000b\000e\000r\000\040\000F\000u\000n\000c\000t\000i\000o\000n\000\040\000D\000o\000c\000u\000m\000e\000n\000t\000a\000t\000i\000o\000n}{section.3.2}% 63
\BOOKMARK [3][-]{subsubsection.3.2.2.1}{\376\377\000c\000o\000m\000p\000a\000r\000e}{subsection.3.2.2}% 64
\BOOKMARK [3][-]{subsubsection.3.2.2.2}{\376\377\000c\000o\000m\000p\000u\000t\000e}{subsection.3.2.2}% 65
\BOOKMARK [3][-]{subsubsection.3.2.2.3}{\376\377\000i\000n\000p\000u\000t}{subsection.3.2.2}% 66
\BOOKMARK [2][-]{subsection.3.2.3}{\376\377\000M\000e\000m\000b\000e\000r\000\040\000D\000a\000t\000a\000\040\000D\000o\000c\000u\000m\000e\000n\000t\000a\000t\000i\000o\000n}{section.3.2}% 67
\BOOKMARK [3][-]{subsubsection.3.2.3.1}{\376\377\000a}{subsection.3.2.3}% 68
\BOOKMARK [3][-]{subsubsection.3.2.3.2}{\376\377\000b}{subsection.3.2.3}% 69
\BOOKMARK [3][-]{subsubsection.3.2.3.3}{\376\377\000o\000p\000e\000r\000a\000t\000i\000o\000n}{subsection.3.2.3}% 70
\BOOKMARK [3][-]{subsubsection.3.2.3.4}{\376\377\000r\000e\000s\000u\000l\000t}{subsection.3.2.3}% 71
\BOOKMARK [0][-]{chapter.4}{\376\377\000F\000i\000l\000e\000\040\000D\000o\000c\000u\000m\000e\000n\000t\000a\000t\000i\000o\000n}{}% 72
\BOOKMARK [1][-]{section.4.1}{\376\377\000i\000n\000c\000l\000u\000d\000e\000/\000c\000o\000m\000p\000l\000e\000x\000.\000h\000\040\000F\000i\000l\000e\000\040\000R\000e\000f\000e\000r\000e\000n\000c\000e}{chapter.4}% 73
\BOOKMARK [2][-]{subsection.4.1.1}{\376\377\000F\000u\000n\000c\000t\000i\000o\000n\000\040\000D\000o\000c\000u\000m\000e\000n\000t\000a\000t\000i\000o\000n}{section.4.1}% 74
\BOOKMARK [3][-]{subsubsection.4.1.1.1}{\376\377\000a\000b\000s}{subsection.4.1.1}% 75
\BOOKMARK [3][-]{subsubsection.4.1.1.2}{\376\377\000a\000r\000g}{subsection.4.1.1}% 76
\BOOKMARK [3][-]{subsubsection.4.1.1.3}{\376\377\000c\000o\000n\000j}{subsection.4.1.1}% 77
\BOOKMARK [3][-]{subsubsection.4.1.1.4}{\376\377\000c\000o\000s}{subsection.4.1.1}% 78
\BOOKMARK [3][-]{subsubsection.4.1.1.5}{\376\377\000c\000o\000s\000h}{subsection.4.1.1}% 79
\BOOKMARK [3][-]{subsubsection.4.1.1.6}{\376\377\000e\000x\000p}{subsection.4.1.1}% 80
\BOOKMARK [3][-]{subsubsection.4.1.1.7}{\376\377\000i\000m\000a\000g}{subsection.4.1.1}% 81
\BOOKMARK [3][-]{subsubsection.4.1.1.8}{\376\377\000l\000o\000g}{subsection.4.1.1}% 82
\BOOKMARK [3][-]{subsubsection.4.1.1.9}{\376\377\000n\000o\000r\000m}{subsection.4.1.1}% 83
\BOOKMARK [3][-]{subsubsection.4.1.1.10}{\376\377\000o\000p\000e\000r\000a\000t\000o\000r\000!\000=}{subsection.4.1.1}% 84
\BOOKMARK [3][-]{subsubsection.4.1.1.11}{\376\377\000o\000p\000e\000r\000a\000t\000o\000r\000"\000"\000"\000"\000\137\000i}{subsection.4.1.1}% 85
\BOOKMARK [3][-]{subsubsection.4.1.1.12}{\376\377\000o\000p\000e\000r\000a\000t\000o\000r\000"\000"\000"\000"\000\137\000i}{subsection.4.1.1}% 86
\BOOKMARK [3][-]{subsubsection.4.1.1.13}{\376\377\000o\000p\000e\000r\000a\000t\000o\000r}{subsection.4.1.1}% 87
\BOOKMARK [3][-]{subsubsection.4.1.1.14}{\376\377\000o\000p\000e\000r\000a\000t\000o\000r\000+}{subsection.4.1.1}% 88
\BOOKMARK [3][-]{subsubsection.4.1.1.15}{\376\377\000o\000p\000e\000r\000a\000t\000o\000r\000-}{subsection.4.1.1}% 89
\BOOKMARK [3][-]{subsubsection.4.1.1.16}{\376\377\000o\000p\000e\000r\000a\000t\000o\000r\000-}{subsection.4.1.1}% 90
\BOOKMARK [3][-]{subsubsection.4.1.1.17}{\376\377\000o\000p\000e\000r\000a\000t\000o\000r\000/}{subsection.4.1.1}% 91
\BOOKMARK [3][-]{subsubsection.4.1.1.18}{\376\377\000o\000p\000e\000r\000a\000t\000o\000r\000/}{subsection.4.1.1}% 92
\BOOKMARK [3][-]{subsubsection.4.1.1.19}{\376\377\000o\000p\000e\000r\000a\000t\000o\000r\000<\000<}{subsection.4.1.1}% 93
\BOOKMARK [3][-]{subsubsection.4.1.1.20}{\376\377\000o\000p\000e\000r\000a\000t\000o\000r\000=\000=}{subsection.4.1.1}% 94
\BOOKMARK [3][-]{subsubsection.4.1.1.21}{\376\377\000o\000p\000e\000r\000a\000t\000o\000r\000>\000>}{subsection.4.1.1}% 95
\BOOKMARK [3][-]{subsubsection.4.1.1.22}{\376\377\000p\000o\000l\000a\000r}{subsection.4.1.1}% 96
\BOOKMARK [3][-]{subsubsection.4.1.1.23}{\376\377\000p\000o\000w}{subsection.4.1.1}% 97
\BOOKMARK [3][-]{subsubsection.4.1.1.24}{\376\377\000p\000o\000w}{subsection.4.1.1}% 98
\BOOKMARK [3][-]{subsubsection.4.1.1.25}{\376\377\000p\000o\000w}{subsection.4.1.1}% 99
\BOOKMARK [3][-]{subsubsection.4.1.1.26}{\376\377\000r\000e\000a\000l}{subsection.4.1.1}% 100
\BOOKMARK [3][-]{subsubsection.4.1.1.27}{\376\377\000r\000o\000o\000t}{subsection.4.1.1}% 101
\BOOKMARK [3][-]{subsubsection.4.1.1.28}{\376\377\000s\000i\000n}{subsection.4.1.1}% 102
\BOOKMARK [3][-]{subsubsection.4.1.1.29}{\376\377\000s\000i\000n\000h}{subsection.4.1.1}% 103
\BOOKMARK [3][-]{subsubsection.4.1.1.30}{\376\377\000s\000q\000r\000t}{subsection.4.1.1}% 104
\BOOKMARK [1][-]{section.4.2}{\376\377\000s\000r\000c\000/\000m\000a\000i\000n\000.\000c\000p\000p\000\040\000F\000i\000l\000e\000\040\000R\000e\000f\000e\000r\000e\000n\000c\000e}{chapter.4}% 105
\BOOKMARK [2][-]{subsection.4.2.1}{\376\377\000F\000u\000n\000c\000t\000i\000o\000n\000\040\000D\000o\000c\000u\000m\000e\000n\000t\000a\000t\000i\000o\000n}{section.4.2}% 106
\BOOKMARK [3][-]{subsubsection.4.2.1.1}{\376\377\000m\000a\000i\000n}{subsection.4.2.1}% 107
\BOOKMARK [1][-]{section.4.3}{\376\377\000t\000e\000s\000t\000/\000T\000e\000s\000t\000C\000o\000m\000p\000l\000e\000x\000.\000c\000p\000p\000\040\000F\000i\000l\000e\000\040\000R\000e\000f\000e\000r\000e\000n\000c\000e}{chapter.4}% 108
\BOOKMARK [2][-]{subsection.4.3.1}{\376\377\000F\000u\000n\000c\000t\000i\000o\000n\000\040\000D\000o\000c\000u\000m\000e\000n\000t\000a\000t\000i\000o\000n}{section.4.3}% 109
\BOOKMARK [3][-]{subsubsection.4.3.1.1}{\376\377\000m\000a\000i\000n}{subsection.4.3.1}% 110
